# JRE version: OpenJDK Runtime Environment (11.0.8+10) (build 11.0.8+10-b944.6842174)
# Java VM: OpenJDK 64-Bit Server VM (11.0.8+10-b944.6842174, mixed mode, tiered, compressed oops, g1 gc, windows-amd64)
Heap:
 garbage-first heap   total 260096K, used 75763K [0x0000000080000000, 0x0000000100000000)
  region size 1024K, 24 young (24576K), 11 survivors (11264K)
 Metaspace       used 68704K, capacity 70405K, committed 70556K, reserved 1114112K
  class space    used 8920K, capacity 9480K, committed 9548K, reserved 1048576K
GC Heap History (16 events):
Event: 0.651 GC heap before
{Heap before GC invocations=0 (full 0):
 garbage-first heap   total 260096K, used 29696K [0x0000000080000000, 0x0000000100000000)
  region size 1024K, 24 young (24576K), 0 survivors (0K)
 Metaspace       used 10664K, capacity 10937K, committed 11264K, reserved 1058816K
  class space    used 1128K, capacity 1199K, committed 1280K, reserved 1048576K
}
Event: 0.654 GC heap after
{Heap after GC invocations=1 (full 0):
 garbage-first heap   total 260096K, used 8685K [0x0000000080000000, 0x0000000100000000)
  region size 1024K, 3 young (3072K), 3 survivors (3072K)
 Metaspace       used 10664K, capacity 10937K, committed 11264K, reserved 1058816K
  class space    used 1128K, capacity 1199K, committed 1280K, reserved 1048576K
}
Event: 2.658 GC heap before
{Heap before GC invocations=1 (full 0):
 garbage-first heap   total 260096K, used 91629K [0x0000000080000000, 0x0000000100000000)
  region size 1024K, 86 young (88064K), 3 survivors (3072K)
 Metaspace       used 20748K, capacity 21209K, committed 21296K, reserved 1069056K
  class space    used 2493K, capacity 2670K, committed 2688K, reserved 1048576K
}
Event: 2.669 GC heap after
{Heap after GC invocations=2 (full 0):
 garbage-first heap   total 260096K, used 15749K [0x0000000080000000, 0x0000000100000000)
  region size 1024K, 10 young (10240K), 10 survivors (10240K)
 Metaspace       used 20748K, capacity 21209K, committed 21296K, reserved 1069056K
  class space    used 2493K, capacity 2670K, committed 2688K, reserved 1048576K
}
Event: 2.967 GC heap before
{Heap before GC invocations=3 (full 0):
 garbage-first heap   total 260096K, used 38277K [0x0000000080000000, 0x0000000100000000)
  region size 1024K, 32 young (32768K), 10 survivors (10240K)
 Metaspace       used 23887K, capacity 24515K, committed 24624K, reserved 1071104K
  class space    used 2975K, capacity 3160K, committed 3200K, reserved 1048576K
}
Event: 2.972 GC heap after
{Heap after GC invocations=4 (full 0):
 garbage-first heap   total 260096K, used 17354K [0x0000000080000000, 0x0000000100000000)
  region size 1024K, 2 young (2048K), 2 survivors (2048K)
 Metaspace       used 23887K, capacity 24515K, committed 24624K, reserved 1071104K
  class space    used 2975K, capacity 3160K, committed 3200K, reserved 1048576K
}
Event: 3.964 GC heap before
{Heap before GC invocations=4 (full 0):
 garbage-first heap   total 260096K, used 98250K [0x0000000080000000, 0x0000000100000000)
  region size 1024K, 71 young (72704K), 2 survivors (2048K)
 Metaspace       used 35030K, capacity 35733K, committed 35888K, reserved 1081344K
  class space    used 4388K, capacity 4628K, committed 4736K, reserved 1048576K
}
Event: 3.972 GC heap after
{Heap after GC invocations=5 (full 0):
 garbage-first heap   total 260096K, used 34192K [0x0000000080000000, 0x0000000100000000)
  region size 1024K, 7 young (7168K), 7 survivors (7168K)
 Metaspace       used 35030K, capacity 35733K, committed 35888K, reserved 1081344K
  class space    used 4388K, capacity 4628K, committed 4736K, reserved 1048576K
}
Event: 5.281 GC heap before
{Heap before GC invocations=6 (full 0):
 garbage-first heap   total 260096K, used 121232K [0x0000000080000000, 0x0000000100000000)
  region size 1024K, 93 young (95232K), 7 survivors (7168K)
 Metaspace       used 42024K, capacity 43041K, committed 43312K, reserved 1087488K
  class space    used 5389K, capacity 5714K, committed 5760K, reserved 1048576K
}
Event: 5.288 GC heap after
{Heap after GC invocations=7 (full 0):
 garbage-first heap   total 260096K, used 35786K [0x0000000080000000, 0x0000000100000000)
  region size 1024K, 10 young (10240K), 10 survivors (10240K)
 Metaspace       used 42024K, capacity 43041K, committed 43312K, reserved 1087488K
  class space    used 5389K, capacity 5714K, committed 5760K, reserved 1048576K
}
Event: 6.620 GC heap before
{Heap before GC invocations=7 (full 0):
 garbage-first heap   total 260096K, used 145354K [0x0000000080000000, 0x0000000100000000)
  region size 1024K, 113 young (115712K), 10 survivors (10240K)
 Metaspace       used 54030K, capacity 55405K, committed 55728K, reserved 1097728K
  class space    used 6855K, capacity 7348K, committed 7424K, reserved 1048576K
}
Event: 6.638 GC heap after
{Heap after GC invocations=8 (full 0):
 garbage-first heap   total 260096K, used 52813K [0x0000000080000000, 0x0000000100000000)
  region size 1024K, 15 young (15360K), 15 survivors (15360K)
 Metaspace       used 54030K, capacity 55405K, committed 55728K, reserved 1097728K
  class space    used 6855K, capacity 7348K, committed 7424K, reserved 1048576K
}
Event: 7.485 GC heap before
{Heap before GC invocations=8 (full 0):
 garbage-first heap   total 260096K, used 97869K [0x0000000080000000, 0x0000000100000000)
  region size 1024K, 59 young (60416K), 15 survivors (15360K)
 Metaspace       used 58688K, capacity 60182K, committed 60240K, reserved 1101824K
  class space    used 7406K, capacity 7918K, committed 7936K, reserved 1048576K
}
Event: 7.521 GC heap after
{Heap after GC invocations=9 (full 0):
 garbage-first heap   total 260096K, used 57326K [0x0000000080000000, 0x0000000100000000)
  region size 1024K, 5 young (5120K), 5 survivors (5120K)
 Metaspace       used 58688K, capacity 60182K, committed 60240K, reserved 1101824K
  class space    used 7406K, capacity 7918K, committed 7936K, reserved 1048576K
}
Event: 9.720 GC heap before
{Heap before GC invocations=10 (full 0):
 garbage-first heap   total 260096K, used 151534K [0x0000000080000000, 0x0000000100000000)
  region size 1024K, 97 young (99328K), 5 survivors (5120K)
 Metaspace       used 68185K, capacity 69849K, committed 69916K, reserved 1110016K
  class space    used 8828K, capacity 9381K, committed 9420K, reserved 1048576K
}
Event: 9.750 GC heap after
{Heap after GC invocations=11 (full 0):
 garbage-first heap   total 260096K, used 63475K [0x0000000080000000, 0x0000000100000000)
  region size 1024K, 11 young (11264K), 11 survivors (11264K)
 Metaspace       used 68185K, capacity 69849K, committed 69916K, reserved 1110016K
  class space    used 8828K, capacity 9381K, committed 9420K, reserved 1048576K
}

